[+] Containers:
 |- [+] Container: /Game/Untitled
 |   |- [+] ActorDescs:
 |   |   |- Guid:03920DF94EEFC9F86CC66185D32A3DA1 BaseClass: NativeClass:/Script/Engine.StaticMeshActor Name:StaticMeshActor_UAID_A4AE111137DC54FB00_1240666663 Label:SM_SkySphere SpatiallyLoaded:0 Bounds:IsValid=true, Min=(X=-1638420.000 Y=-1638390.000 Z=-1638260.000), Max=(X=1638380.000 Y=1638410.000 Z=1638540.000) RuntimeGrid:None EditorOnly:0 RuntimeOnly:0 HLODRelevant:0 ListedInSceneOutliner:1 IsMainWorldOnly:0 FolderPath:Lighting FolderGuid:B7E9BD5B45A652654791988DEF54CCEB
 |   |   |- Guid:1D3D26F04B6DC10BEFB5B69E5CF914C8 BaseClass: NativeClass:/Script/Engine.VolumetricCloud Name:VolumetricCloud_UAID_A85E45CFE40401D200_1470381760 Label:VolumetricCloud SpatiallyLoaded:0 Bounds:IsValid=true, Min=(X=0.000 Y=0.000 Z=80.000), Max=(X=0.000 Y=0.000 Z=80.000) RuntimeGrid:None EditorOnly:0 RuntimeOnly:0 HLODRelevant:0 ListedInSceneOutliner:1 IsMainWorldOnly:0 FolderPath:Lighting FolderGuid:B7E9BD5B45A652654791988DEF54CCEB
 |   |   |- Guid:1DE8D7AC4103A2EABA11649C7FCF8ACA BaseClass: NativeClass:/Script/Engine.SkyLight Name:SkyLight_UAID_A85E45CFE40401D200_1470380759 Label:SkyLight SpatiallyLoaded:0 Bounds:IsValid=true, Min=(X=0.000 Y=0.000 Z=110.000), Max=(X=0.000 Y=0.000 Z=110.000) RuntimeGrid:None EditorOnly:0 RuntimeOnly:0 HLODRelevant:0 ListedInSceneOutliner:1 IsMainWorldOnly:0 FolderPath:Lighting FolderGuid:B7E9BD5B45A652654791988DEF54CCEB
 |   |   |- Guid:218E3B124735712D7EF272B4FB8E7FF6 BaseClass: NativeClass:/Script/Landscape.Landscape Name:Landscape_UAID_A85E45CFE404FBD100_1221515703 Label:Landscape SpatiallyLoaded:0 Bounds:IsValid=true, Min=(X=-100800.000 Y=-100800.000 Z=100.000), Max=(X=-100800.000 Y=-100800.000 Z=100.000) RuntimeGrid:None EditorOnly:0 RuntimeOnly:0 HLODRelevant:0 ListedInSceneOutliner:1 IsMainWorldOnly:0
 |   |   |- Guid:2CE12F874AA39D020A0F4BA5739BD305 BaseClass: NativeClass:/Script/Engine.SkyAtmosphere Name:SkyAtmosphere_UAID_A85E45CFE40401D200_1470382762 Label:SkyAtmosphere SpatiallyLoaded:0 Bounds:IsValid=true, Min=(X=0.000 Y=0.000 Z=140.000), Max=(X=0.000 Y=0.000 Z=140.000) RuntimeGrid:None EditorOnly:0 RuntimeOnly:0 HLODRelevant:0 ListedInSceneOutliner:1 IsMainWorldOnly:0 FolderPath:Lighting FolderGuid:B7E9BD5B45A652654791988DEF54CCEB
 |   |   |- Guid:303D0A5B4CB55140FB45A995F52AE5A4 BaseClass:/TBRaymarcherPlugin/Blueprints/Actors/BP_RaymarchVolume.BP_RaymarchVolume_C NativeClass:/Script/Raymarcher.RaymarchVolume Name:BP_RaymarchVolume_C_UAID_FC34971687318E1C02_1266788055 Label:BP_RaymarchVolume SpatiallyLoaded:1 Bounds:IsValid=true, Min=(X=-64.640 Y=-64.640 Z=-84.640), Max=(X=64.640 Y=64.640 Z=44.640) RuntimeGrid:None EditorOnly:0 RuntimeOnly:0 HLODRelevant:0 ListedInSceneOutliner:1 IsMainWorldOnly:0
 |   |   |- Guid:475A692747978264B44B629ECC84D2ED BaseClass:/TBRaymarcherPlugin/Blueprints/Actors/BP_RaymarchLight.BP_RaymarchLight_C NativeClass:/Script/Raymarcher.RaymarchLight Name:BP_RaymarchLight_C_UAID_FC34971687318E1C02_1367993056 Label:BP_RaymarchLight SpatiallyLoaded:1 Bounds:IsValid=true, Min=(X=17485.839 Y=1745.863 Z=31.170), Max=(X=17494.112 Y=1754.137 Z=80.057) RuntimeGrid:None EditorOnly:0 RuntimeOnly:0 HLODRelevant:0 ListedInSceneOutliner:1 IsMainWorldOnly:0
 |   |   |- Guid:5368FABB47D6D9580DAECA8B0417BF92 BaseClass: NativeClass:/Script/Engine.WorldDataLayers Name:WorldDataLayers Label:WorldDataLayers-1 SpatiallyLoaded:0 Bounds:Invalid RuntimeGrid:None EditorOnly:0 RuntimeOnly:0 HLODRelevant:0 ListedInSceneOutliner:1 IsMainWorldOnly:1
 |   |   |- Guid:8E8C89CF4A075D8EFA95CAA2CCE7E2CE BaseClass:/TBRaymarcherPlugin/Blueprints/Actors/BP_RaymarchLight.BP_RaymarchLight_C NativeClass:/Script/Raymarcher.RaymarchLight Name:BP_RaymarchLight_C_UAID_FC34971687318E1C02_1441791061 Label:BP_RaymarchLight3 SpatiallyLoaded:1 Bounds:IsValid=true, Min=(X=17485.863 Y=1715.463 Z=39.919), Max=(X=17494.137 Y=1753.225 Z=82.687) RuntimeGrid:None EditorOnly:0 RuntimeOnly:0 HLODRelevant:0 ListedInSceneOutliner:1 IsMainWorldOnly:0
 |   |   |- Guid:921D85F948680209F30EE1BE1F62A76C BaseClass:/TBRaymarcherPlugin/Blueprints/Actors/BP_RaymarchClipPlane.BP_RaymarchClipPlane_C NativeClass:/Script/Raymarcher.RaymarchClipPlane Name:BP_RaymarchClipPlane_C_UAID_FC34971687318F1C02_1256892238 Label:BP_RaymarchClipPlane SpatiallyLoaded:1 Bounds:IsValid=true, Min=(X=-90.000 Y=-90.000 Z=-0.000), Max=(X=110.000 Y=110.000 Z=0.000) RuntimeGrid:None EditorOnly:0 RuntimeOnly:0 HLODRelevant:0 ListedInSceneOutliner:1 IsMainWorldOnly:0
 |   |   |- Guid:962D6BE34E7839A2A94E65B8F6CE5D43 BaseClass: NativeClass:/Script/Engine.PlayerStart Name:PlayerStart_UAID_F02F74551BF5599B01_1153002503 Label:PlayerStart SpatiallyLoaded:0 Bounds:IsValid=true, Min=(X=290.946 Y=-40.000 Z=49.867), Max=(X=429.054 Y=40.000 Z=250.133) RuntimeGrid:None EditorOnly:0 RuntimeOnly:0 HLODRelevant:0 ListedInSceneOutliner:1 IsMainWorldOnly:0
 |   |   |- Guid:9D0380FB4C6579275E3F2A916E833A44 BaseClass:/Game/Assets/Gizmo.Gizmo_C NativeClass:/Script/Engine.Actor Name:Gizmo_C_UAID_FC3497168731892202_1105775511 Label:Gizmo SpatiallyLoaded:1 Bounds:IsValid=true, Min=(X=0.000 Y=0.000 Z=0.000), Max=(X=0.000 Y=0.000 Z=0.000) RuntimeGrid:None EditorOnly:0 RuntimeOnly:0 HLODRelevant:0 ListedInSceneOutliner:1 IsMainWorldOnly:0
 |   |   |- Guid:AAAC6B5742760A58C2206DB37E44683C BaseClass: NativeClass:/Script/Engine.DirectionalLight Name:DirectionalLight_UAID_A85E45CFE40401D200_1470382761 Label:DirectionalLight SpatiallyLoaded:0 Bounds:IsValid=true, Min=(X=-4398046511104.000 Y=-4398046511104.000 Z=-4398046511104.000), Max=(X=4398046511104.000 Y=4398046511104.000 Z=4398046511104.000) RuntimeGrid:None EditorOnly:0 RuntimeOnly:0 HLODRelevant:0 ListedInSceneOutliner:1 IsMainWorldOnly:0 FolderPath:Lighting FolderGuid:B7E9BD5B45A652654791988DEF54CCEB
 |   |   |- Guid:D3FB7383421AAEFD3DB6F8B1E415A9FE BaseClass: NativeClass:/Script/Engine.ExponentialHeightFog Name:ExponentialHeightFog_UAID_A85E45CFE40401D200_1470382763 Label:ExponentialHeightFog SpatiallyLoaded:0 Bounds:IsValid=true, Min=(X=-5600.000 Y=-50.000 Z=-6850.000), Max=(X=-5600.000 Y=-50.000 Z=-6850.000) RuntimeGrid:None EditorOnly:0 RuntimeOnly:0 HLODRelevant:0 ListedInSceneOutliner:1 IsMainWorldOnly:0 FolderPath:Lighting FolderGuid:B7E9BD5B45A652654791988DEF54CCEB
 |   |   |- Guid:E090E3E0496F5DCB6AF420B85F2D2604 BaseClass:/TBRaymarcherPlugin/Blueprints/Actors/BP_RaymarchLight.BP_RaymarchLight_C NativeClass:/Script/Raymarcher.RaymarchLight Name:BP_RaymarchLight_C_UAID_FC34971687318E1C02_1370548057 Label:BP_RaymarchLight2 SpatiallyLoaded:1 Bounds:IsValid=true, Min=(X=17485.863 Y=1746.368 Z=35.632), Max=(X=17494.137 Y=1777.976 Z=82.106) RuntimeGrid:None EditorOnly:0 RuntimeOnly:0 HLODRelevant:0 ListedInSceneOutliner:1 IsMainWorldOnly:0
 |   |- [+] Clusters:
 |   |   |- [+] [  0]
 |   |   |   |- Guid:03920DF94EEFC9F86CC66185D32A3DA1 BaseClass: NativeClass:/Script/Engine.StaticMeshActor Name:StaticMeshActor_UAID_A4AE111137DC54FB00_1240666663 Label:SM_SkySphere SpatiallyLoaded:0 Bounds:IsValid=true, Min=(X=-1638420.000 Y=-1638390.000 Z=-1638260.000), Max=(X=1638380.000 Y=1638410.000 Z=1638540.000) RuntimeGrid:None EditorOnly:0 RuntimeOnly:0 HLODRelevant:0 ListedInSceneOutliner:1 IsMainWorldOnly:0 FolderPath:Lighting FolderGuid:B7E9BD5B45A652654791988DEF54CCEB
 |   |   |- [+] [  1]
 |   |   |   |- Guid:1D3D26F04B6DC10BEFB5B69E5CF914C8 BaseClass: NativeClass:/Script/Engine.VolumetricCloud Name:VolumetricCloud_UAID_A85E45CFE40401D200_1470381760 Label:VolumetricCloud SpatiallyLoaded:0 Bounds:IsValid=true, Min=(X=0.000 Y=0.000 Z=80.000), Max=(X=0.000 Y=0.000 Z=80.000) RuntimeGrid:None EditorOnly:0 RuntimeOnly:0 HLODRelevant:0 ListedInSceneOutliner:1 IsMainWorldOnly:0 FolderPath:Lighting FolderGuid:B7E9BD5B45A652654791988DEF54CCEB
 |   |   |- [+] [  2]
 |   |   |   |- Guid:1DE8D7AC4103A2EABA11649C7FCF8ACA BaseClass: NativeClass:/Script/Engine.SkyLight Name:SkyLight_UAID_A85E45CFE40401D200_1470380759 Label:SkyLight SpatiallyLoaded:0 Bounds:IsValid=true, Min=(X=0.000 Y=0.000 Z=110.000), Max=(X=0.000 Y=0.000 Z=110.000) RuntimeGrid:None EditorOnly:0 RuntimeOnly:0 HLODRelevant:0 ListedInSceneOutliner:1 IsMainWorldOnly:0 FolderPath:Lighting FolderGuid:B7E9BD5B45A652654791988DEF54CCEB
 |   |   |- [+] [  3]
 |   |   |   |- Guid:218E3B124735712D7EF272B4FB8E7FF6 BaseClass: NativeClass:/Script/Landscape.Landscape Name:Landscape_UAID_A85E45CFE404FBD100_1221515703 Label:Landscape SpatiallyLoaded:0 Bounds:IsValid=true, Min=(X=-100800.000 Y=-100800.000 Z=100.000), Max=(X=-100800.000 Y=-100800.000 Z=100.000) RuntimeGrid:None EditorOnly:0 RuntimeOnly:0 HLODRelevant:0 ListedInSceneOutliner:1 IsMainWorldOnly:0
 |   |   |- [+] [  4]
 |   |   |   |- Guid:2CE12F874AA39D020A0F4BA5739BD305 BaseClass: NativeClass:/Script/Engine.SkyAtmosphere Name:SkyAtmosphere_UAID_A85E45CFE40401D200_1470382762 Label:SkyAtmosphere SpatiallyLoaded:0 Bounds:IsValid=true, Min=(X=0.000 Y=0.000 Z=140.000), Max=(X=0.000 Y=0.000 Z=140.000) RuntimeGrid:None EditorOnly:0 RuntimeOnly:0 HLODRelevant:0 ListedInSceneOutliner:1 IsMainWorldOnly:0 FolderPath:Lighting FolderGuid:B7E9BD5B45A652654791988DEF54CCEB
 |   |   |- [+] [  5]
 |   |   |   |- Guid:303D0A5B4CB55140FB45A995F52AE5A4 BaseClass:/TBRaymarcherPlugin/Blueprints/Actors/BP_RaymarchVolume.BP_RaymarchVolume_C NativeClass:/Script/Raymarcher.RaymarchVolume Name:BP_RaymarchVolume_C_UAID_FC34971687318E1C02_1266788055 Label:BP_RaymarchVolume SpatiallyLoaded:1 Bounds:IsValid=true, Min=(X=-64.640 Y=-64.640 Z=-84.640), Max=(X=64.640 Y=64.640 Z=44.640) RuntimeGrid:None EditorOnly:0 RuntimeOnly:0 HLODRelevant:0 ListedInSceneOutliner:1 IsMainWorldOnly:0
 |   |   |   |- Guid:475A692747978264B44B629ECC84D2ED BaseClass:/TBRaymarcherPlugin/Blueprints/Actors/BP_RaymarchLight.BP_RaymarchLight_C NativeClass:/Script/Raymarcher.RaymarchLight Name:BP_RaymarchLight_C_UAID_FC34971687318E1C02_1367993056 Label:BP_RaymarchLight SpatiallyLoaded:1 Bounds:IsValid=true, Min=(X=17485.839 Y=1745.863 Z=31.170), Max=(X=17494.112 Y=1754.137 Z=80.057) RuntimeGrid:None EditorOnly:0 RuntimeOnly:0 HLODRelevant:0 ListedInSceneOutliner:1 IsMainWorldOnly:0
 |   |   |   |- Guid:8E8C89CF4A075D8EFA95CAA2CCE7E2CE BaseClass:/TBRaymarcherPlugin/Blueprints/Actors/BP_RaymarchLight.BP_RaymarchLight_C NativeClass:/Script/Raymarcher.RaymarchLight Name:BP_RaymarchLight_C_UAID_FC34971687318E1C02_1441791061 Label:BP_RaymarchLight3 SpatiallyLoaded:1 Bounds:IsValid=true, Min=(X=17485.863 Y=1715.463 Z=39.919), Max=(X=17494.137 Y=1753.225 Z=82.687) RuntimeGrid:None EditorOnly:0 RuntimeOnly:0 HLODRelevant:0 ListedInSceneOutliner:1 IsMainWorldOnly:0
 |   |   |   |- Guid:921D85F948680209F30EE1BE1F62A76C BaseClass:/TBRaymarcherPlugin/Blueprints/Actors/BP_RaymarchClipPlane.BP_RaymarchClipPlane_C NativeClass:/Script/Raymarcher.RaymarchClipPlane Name:BP_RaymarchClipPlane_C_UAID_FC34971687318F1C02_1256892238 Label:BP_RaymarchClipPlane SpatiallyLoaded:1 Bounds:IsValid=true, Min=(X=-90.000 Y=-90.000 Z=-0.000), Max=(X=110.000 Y=110.000 Z=0.000) RuntimeGrid:None EditorOnly:0 RuntimeOnly:0 HLODRelevant:0 ListedInSceneOutliner:1 IsMainWorldOnly:0
 |   |   |   |- Guid:E090E3E0496F5DCB6AF420B85F2D2604 BaseClass:/TBRaymarcherPlugin/Blueprints/Actors/BP_RaymarchLight.BP_RaymarchLight_C NativeClass:/Script/Raymarcher.RaymarchLight Name:BP_RaymarchLight_C_UAID_FC34971687318E1C02_1370548057 Label:BP_RaymarchLight2 SpatiallyLoaded:1 Bounds:IsValid=true, Min=(X=17485.863 Y=1746.368 Z=35.632), Max=(X=17494.137 Y=1777.976 Z=82.106) RuntimeGrid:None EditorOnly:0 RuntimeOnly:0 HLODRelevant:0 ListedInSceneOutliner:1 IsMainWorldOnly:0
 |   |   |- [+] [  6]
 |   |   |   |- Guid:5368FABB47D6D9580DAECA8B0417BF92 BaseClass: NativeClass:/Script/Engine.WorldDataLayers Name:WorldDataLayers Label:WorldDataLayers-1 SpatiallyLoaded:0 Bounds:Invalid RuntimeGrid:None EditorOnly:0 RuntimeOnly:0 HLODRelevant:0 ListedInSceneOutliner:1 IsMainWorldOnly:1
 |   |   |- [+] [  7]
 |   |   |   |- Guid:962D6BE34E7839A2A94E65B8F6CE5D43 BaseClass: NativeClass:/Script/Engine.PlayerStart Name:PlayerStart_UAID_F02F74551BF5599B01_1153002503 Label:PlayerStart SpatiallyLoaded:0 Bounds:IsValid=true, Min=(X=290.946 Y=-40.000 Z=49.867), Max=(X=429.054 Y=40.000 Z=250.133) RuntimeGrid:None EditorOnly:0 RuntimeOnly:0 HLODRelevant:0 ListedInSceneOutliner:1 IsMainWorldOnly:0
 |   |   |- [+] [  8]
 |   |   |   |- Guid:9D0380FB4C6579275E3F2A916E833A44 BaseClass:/Game/Assets/Gizmo.Gizmo_C NativeClass:/Script/Engine.Actor Name:Gizmo_C_UAID_FC3497168731892202_1105775511 Label:Gizmo SpatiallyLoaded:1 Bounds:IsValid=true, Min=(X=0.000 Y=0.000 Z=0.000), Max=(X=0.000 Y=0.000 Z=0.000) RuntimeGrid:None EditorOnly:0 RuntimeOnly:0 HLODRelevant:0 ListedInSceneOutliner:1 IsMainWorldOnly:0
 |   |   |- [+] [  9]
 |   |   |   |- Guid:AAAC6B5742760A58C2206DB37E44683C BaseClass: NativeClass:/Script/Engine.DirectionalLight Name:DirectionalLight_UAID_A85E45CFE40401D200_1470382761 Label:DirectionalLight SpatiallyLoaded:0 Bounds:IsValid=true, Min=(X=-4398046511104.000 Y=-4398046511104.000 Z=-4398046511104.000), Max=(X=4398046511104.000 Y=4398046511104.000 Z=4398046511104.000) RuntimeGrid:None EditorOnly:0 RuntimeOnly:0 HLODRelevant:0 ListedInSceneOutliner:1 IsMainWorldOnly:0 FolderPath:Lighting FolderGuid:B7E9BD5B45A652654791988DEF54CCEB
 |   |   |- [+] [ 10]
 |   |   |   |- Guid:D3FB7383421AAEFD3DB6F8B1E415A9FE BaseClass: NativeClass:/Script/Engine.ExponentialHeightFog Name:ExponentialHeightFog_UAID_A85E45CFE40401D200_1470382763 Label:ExponentialHeightFog SpatiallyLoaded:0 Bounds:IsValid=true, Min=(X=-5600.000 Y=-50.000 Z=-6850.000), Max=(X=-5600.000 Y=-50.000 Z=-6850.000) RuntimeGrid:None EditorOnly:0 RuntimeOnly:0 HLODRelevant:0 ListedInSceneOutliner:1 IsMainWorldOnly:0 FolderPath:Lighting FolderGuid:B7E9BD5B45A652654791988DEF54CCEB
 |- ContainerInstances:
 |- [+] MainContainer:
 |   |-        ID: 00000000000000000000000000000000
 |   |-  ParentID: 00000000000000000000000000000000
 |   |-    Bounds: IsValid=true, Min=(X=-90.000 Y=-90.000 Z=-84.640), Max=(X=17494.137 Y=1777.976 Z=82.687)
 |   |- Transform: 0.000000,0.000000,0.000000|0.000000,0.000000,-0.000000|1.000000,1.000000,1.000000
 |   |- Container: /Game/Untitled
